<?xml version="1.0" encoding="UTF-8"?>
<!-- Generated by org.testng.reporters.JUnitReportReporter -->
<testsuite hostname="MSalman" name="tests.ReactSignInTest" tests="12" failures="0" timestamp="23 Nov 2018 12:44:38 GMT" time="67.062" errors="0">
  <testcase name="TC_Negative_Verify_EmptyUserName_ValidPassword" time="4.508" classname="tests.ReactSignInTest"/>
  <testcase name="TC_Negative_Verify_EmptyUserName_EmpltyPassword" time="8.768" classname="tests.ReactSignInTest"/>
  <testcase name="TC_Negative_Verify_correctUserName_IncorrectPassword" time="4.422" classname="tests.ReactSignInTest"/>
  <testcase name="TC_Negative_Verify_IncorrectUserName_IncorrectPassword" time="4.510" classname="tests.ReactSignInTest"/>
  <testcase name="TC_Negative_Verify_validUserName_InvalidPassword" time="4.475" classname="tests.ReactSignInTest"/>
  <testcase name="TC_Negative_Verify_IncorrectUserName_correctPassword" time="4.481" classname="tests.ReactSignInTest"/>
  <testcase name="TC_Positive_Verify_the_NewUser_login_ByLinkedIn" time="4.280" classname="tests.ReactSignInTest"/>
  <testcase name="TC_Negative_Verify_InvalidUserName_InvalidPassword" time="8.030" classname="tests.ReactSignInTest"/>
  <testcase name="TC_Positive_Verify_ValidUserName_ValidPassword" time="10.009" classname="tests.ReactSignInTest"/>
  <testcase name="TC_Negative_Verify_InvalidUserName_validPassword" time="4.588" classname="tests.ReactSignInTest"/>
  <testcase name="TC_Negative_Verify_UserName_ValidPassword" time="4.579" classname="tests.ReactSignInTest"/>
  <testcase name="TC_Positive_Verify_the_NewUser_login_ByFacebook" time="4.412" classname="tests.ReactSignInTest"/>
</testsuite> <!-- tests.ReactSignInTest -->
