<?xml version="1.0" encoding="UTF-8"?>
<!-- Generated by org.testng.reporters.JUnitReportReporter -->
<testsuite hostname="MSalman" name="tests.ReactSignInTest" tests="12" failures="0" timestamp="15 Jan 2019 13:51:53 GMT" time="106.901" errors="0">
  <testcase name="TC_Negative_Verify_IncorrectUserName_IncorrectPassword" time="4.503" classname="tests.ReactSignInTest"/>
  <testcase name="TC_Positive_Verify_the_NewUser_login_ByLinkedIn" time="4.217" classname="tests.ReactSignInTest"/>
  <testcase name="TC_Negative_Verify_EmptyUserName_ValidPassword" time="4.416" classname="tests.ReactSignInTest"/>
  <testcase name="TC_Negative_Verify_correctUserName_IncorrectPassword" time="4.445" classname="tests.ReactSignInTest"/>
  <testcase name="TC_Negative_Verify_validUserName_InvalidPassword" time="4.459" classname="tests.ReactSignInTest"/>
  <testcase name="TC_Negative_Verify_IncorrectUserName_correctPassword" time="4.447" classname="tests.ReactSignInTest"/>
  <testcase name="TC_Negative_Verify_InvalidUserName_validPassword" time="4.507" classname="tests.ReactSignInTest"/>
  <testcase name="TC_Negative_Verify_EmptyUserName_EmpltyPassword" time="24.022" classname="tests.ReactSignInTest"/>
  <testcase name="TC_Positive_Verify_ValidUserName_ValidPassword" time="9.904" classname="tests.ReactSignInTest"/>
  <testcase name="TC_Negative_Verify_InvalidUserName_InvalidPassword" time="33.117" classname="tests.ReactSignInTest"/>
  <testcase name="TC_Negative_Verify_UserName_ValidPassword" time="4.500" classname="tests.ReactSignInTest"/>
  <testcase name="TC_Positive_Verify_the_NewUser_login_ByFacebook" time="4.364" classname="tests.ReactSignInTest"/>
</testsuite> <!-- tests.ReactSignInTest -->
